2025-12-04 13:43:18,154 - __main__ - INFO - Initialized SparkSession Retail_ETL_Pipeline
2025-12-04 13:43:18,155 - __main__ - INFO - Successfully parsed schema 'raw/schemas.json' as dict
2025-12-04 13:43:18,155 - __main__ - INFO - ========== Started processing departments ==========
2025-12-04 13:43:18,155 - __main__ - INFO - ========== Parsing departments ========== 
2025-12-04 13:43:18,155 - __main__ - INFO - Successfully parsed column 1: department_id of 2
2025-12-04 13:43:18,155 - __main__ - INFO - ========== Started processing categories ==========
2025-12-04 13:43:18,155 - __main__ - INFO - Successfully parsed column 2: department_name of 2
2025-12-04 13:43:18,155 - __main__ - INFO - ========== Started processing orders ==========
2025-12-04 13:43:18,155 - __main__ - INFO - ========== Started processing products ==========
2025-12-04 13:43:18,155 - __main__ - INFO - ========== Parsing categories ========== 
2025-12-04 13:43:18,155 - __main__ - INFO - ========== Parsing orders ========== 
2025-12-04 13:43:18,155 - __main__ - INFO - ========== Parsing products ========== 
2025-12-04 13:43:18,155 - __main__ - INFO - Successfully parsed column 1: category_id of 3
2025-12-04 13:43:18,155 - __main__ - INFO - Successfully parsed column 1: order_id of 4
2025-12-04 13:43:18,155 - __main__ - INFO - Successfully parsed column 1: product_id of 6
2025-12-04 13:43:18,155 - __main__ - INFO - Successfully parsed column 2: category_department_id of 3
2025-12-04 13:43:18,155 - __main__ - INFO - Successfully parsed column 2: order_date of 4
2025-12-04 13:43:18,155 - __main__ - INFO - Successfully parsed column 2: product_cateogry_id of 6
2025-12-04 13:43:18,155 - __main__ - INFO - Successfully parsed column 3: category_name of 3
2025-12-04 13:43:18,155 - __main__ - INFO - Successfully parsed column 3: order_customer_id of 4
2025-12-04 13:43:18,155 - __main__ - INFO - Successfully parsed column 3: product_name of 6
2025-12-04 13:43:18,155 - __main__ - INFO - Successfuly loaded departments from directory: raw/departments
2025-12-04 13:43:18,156 - __main__ - INFO - Successfully parsed column 4: order_status of 4
2025-12-04 13:43:18,156 - __main__ - INFO - Successfully parsed column 4: product_description of 6
2025-12-04 13:43:18,156 - __main__ - INFO - ========== Cleaning departments data ==========
2025-12-04 13:43:18,156 - __main__ - INFO - Successfully parsed column 5: product_price of 6
2025-12-04 13:43:18,156 - __main__ - INFO - Successfully parsed column 6: product_image of 6
2025-12-04 13:43:18,156 - __main__ - INFO - Successfuly loaded orders from directory: raw/orders
2025-12-04 13:43:18,156 - __main__ - INFO - ========== Cleaning orders data ==========
2025-12-04 13:43:18,156 - __main__ - INFO - Successfuly loaded categories from directory: raw/categories
2025-12-04 13:43:18,156 - __main__ - INFO - ========== Cleaning categories data ==========
2025-12-04 13:43:18,156 - __main__ - INFO - Successfuly loaded products from directory: raw/products
2025-12-04 13:43:18,156 - __main__ - INFO - ========== Cleaning products data ==========
2025-12-04 13:43:20,347 - __main__ - INFO - Record count of categories before cleaning: 58
2025-12-04 13:43:20,348 - __main__ - WARNING - Record count of null values in primary key before cleaning: 0
2025-12-04 13:43:20,348 - __main__ - DEBUG - Dropped nulls and duplicate category_ids
2025-12-04 13:43:20,348 - __main__ - INFO - Record count of orders before cleaning: 68883
2025-12-04 13:43:20,348 - __main__ - WARNING - Record count of null values in primary key before cleaning: 0
2025-12-04 13:43:20,348 - __main__ - DEBUG - Dropped nulls and duplicate order ids
2025-12-04 13:43:20,351 - __main__ - INFO - Record count of products before cleaning: 1345
2025-12-04 13:43:20,351 - __main__ - WARNING - Record count of null values in primary key before cleaning: 0
2025-12-04 13:43:20,353 - __main__ - INFO - Record count of departments before cleaning: 6
2025-12-04 13:43:20,353 - __main__ - WARNING - Record count of null values in primary key before cleaning: 0
2025-12-04 13:43:20,354 - __main__ - DEBUG - Dropped nulls and duplicate department ids
2025-12-04 13:43:20,369 - __main__ - DEBUG - Dropped unnecessary columns - product_description and product_image
2025-12-04 13:43:20,369 - __main__ - DEBUG - Dropped nulls and duplicate product ids
2025-12-04 13:43:20,380 - __main__ - DEBUG - Trimmed and capitalized the category name for uniformity
2025-12-04 13:43:20,380 - __main__ - DEBUG - Trimmed and capitalized the department name for uniformity
2025-12-04 13:43:20,381 - __main__ - DEBUG - Converted float data types to double for greater precision
2025-12-04 13:43:20,759 - __main__ - INFO - Record count of categories after bronze cleaning: 58
2025-12-04 13:43:20,759 - __main__ - INFO - ============ Saving categories as Parquet ==========
2025-12-04 13:43:20,759 - __main__ - DEBUG - Created save path for categories: 'data/bronze/categories_clean.parquet'
2025-12-04 13:43:20,762 - __main__ - INFO - Record count of products table after bronze cleaning: 1345
2025-12-04 13:43:20,762 - __main__ - INFO - ============ Saving products as Parquet ==========
2025-12-04 13:43:20,762 - __main__ - DEBUG - Created save path for products: 'data/bronze/products_clean.parquet'
2025-12-04 13:43:20,767 - __main__ - INFO - Record count of departments after bronze cleaning: 6
2025-12-04 13:43:20,768 - __main__ - INFO - ============ Saving departments as Parquet ==========
2025-12-04 13:43:20,768 - __main__ - DEBUG - Created save path for departments: 'data/bronze/departments_clean.parquet'
2025-12-04 13:43:20,770 - __main__ - INFO - Record count of orders table after bronze cleaning: 68883
2025-12-04 13:43:20,770 - __main__ - INFO - ============ Saving orders as Parquet ==========
2025-12-04 13:43:20,770 - __main__ - DEBUG - Created save path for orders: 'data/bronze/orders_clean.parquet'
2025-12-04 13:43:22,156 - __main__ - INFO - Successfully saved categories to 'data/bronze/categories_clean.parquet'
2025-12-04 13:43:22,157 - __main__ - INFO - ========== Finished processing categories ==========
2025-12-04 13:43:22,157 - __main__ - INFO - ========== Started processing customers ==========
2025-12-04 13:43:22,158 - __main__ - INFO - ========== Parsing customers ========== 
2025-12-04 13:43:22,158 - __main__ - INFO - Successfully parsed column 1: customer_id of 9
2025-12-04 13:43:22,158 - __main__ - INFO - Successfully parsed column 2: customer_fname of 9
2025-12-04 13:43:22,158 - __main__ - INFO - Successfully parsed column 3: customer_lname of 9
2025-12-04 13:43:22,158 - __main__ - INFO - Successfully parsed column 4: customer_email of 9
2025-12-04 13:43:22,158 - __main__ - INFO - Successfully parsed column 5: customer_password of 9
2025-12-04 13:43:22,158 - __main__ - INFO - Successfully parsed column 6: customer_street of 9
2025-12-04 13:43:22,158 - __main__ - INFO - Successfully parsed column 7: customer_city of 9
2025-12-04 13:43:22,158 - __main__ - INFO - Successfully parsed column 8: customer_state of 9
2025-12-04 13:43:22,158 - __main__ - INFO - Successfully parsed column 9: customer_zipcode of 9
2025-12-04 13:43:22,159 - __main__ - INFO - Successfuly loaded customers from directory: raw/customers
2025-12-04 13:43:22,159 - __main__ - INFO - ========== Cleaning customers data ==========
2025-12-04 13:43:22,227 - __main__ - INFO - Successfully saved products to 'data/bronze/products_clean.parquet'
2025-12-04 13:43:22,227 - __main__ - INFO - ========== Finished processing products ==========
2025-12-04 13:43:22,228 - __main__ - INFO - ========== Started processing order_items ==========
2025-12-04 13:43:22,228 - __main__ - INFO - ========== Parsing order_items ========== 
2025-12-04 13:43:22,228 - __main__ - INFO - Successfully parsed column 1: order_item_id of 6
2025-12-04 13:43:22,228 - __main__ - INFO - Successfully parsed column 2: order_item_order_id of 6
2025-12-04 13:43:22,228 - __main__ - INFO - Successfully parsed column 3: order_item_product_id of 6
2025-12-04 13:43:22,228 - __main__ - INFO - Successfully parsed column 4: order_item_quantity of 6
2025-12-04 13:43:22,228 - __main__ - INFO - Successfully parsed column 5: order_item_subtotal of 6
2025-12-04 13:43:22,228 - __main__ - INFO - Successfully parsed column 6: order_item_product_price of 6
2025-12-04 13:43:22,228 - __main__ - INFO - Successfuly loaded order_items from directory: raw/order_items
2025-12-04 13:43:22,228 - __main__ - INFO - ========== Cleaning order_items data ==========
2025-12-04 13:43:22,270 - __main__ - INFO - Successfully saved departments to 'data/bronze/departments_clean.parquet'
2025-12-04 13:43:22,270 - __main__ - INFO - ========== Finished processing departments ==========
2025-12-04 13:43:22,434 - __main__ - INFO - Successfully saved orders to 'data/bronze/orders_clean.parquet'
2025-12-04 13:43:22,434 - __main__ - INFO - ========== Finished processing orders ==========
2025-12-04 13:43:22,525 - __main__ - INFO - Record count of customers before cleaning: 12435
2025-12-04 13:43:22,525 - __main__ - WARNING - Record count of null values in primary key before cleaning: 0
2025-12-04 13:43:22,525 - __main__ - DEBUG - Dropped nulls and duplicate customer ids
2025-12-04 13:43:22,535 - __main__ - INFO - Record count of order_items before cleaning: 172198
2025-12-04 13:43:22,535 - __main__ - WARNING - Record count of null values in primary key before cleaning: 0
2025-12-04 13:43:22,535 - __main__ - DEBUG - Dropped nulls and duplicate order_items ids
2025-12-04 13:43:22,536 - __main__ - DEBUG - Converted float data types to double for greater precision
2025-12-04 13:43:22,545 - __main__ - DEBUG - Dropped customer email and password columns as PII
2025-12-04 13:43:22,759 - __main__ - INFO - Record count of order_items table after bronze cleaning: 172198
2025-12-04 13:43:22,759 - __main__ - INFO - ============ Saving order_items as Parquet ==========
2025-12-04 13:43:22,759 - __main__ - DEBUG - Created save path for order_items: 'data/bronze/order_items_clean.parquet'
2025-12-04 13:43:22,766 - __main__ - INFO - Record count of customers after bronze cleaning: 12435
2025-12-04 13:43:22,766 - __main__ - INFO - ============ Saving customers as Parquet ==========
2025-12-04 13:43:22,766 - __main__ - DEBUG - Created save path for customers: 'data/bronze/customers_clean.parquet'
2025-12-04 13:43:23,253 - __main__ - INFO - Successfully saved customers to 'data/bronze/customers_clean.parquet'
2025-12-04 13:43:23,253 - __main__ - INFO - ========== Finished processing customers ==========
2025-12-04 13:43:23,498 - __main__ - INFO - Successfully saved order_items to 'data/bronze/order_items_clean.parquet'
2025-12-04 13:43:23,498 - __main__ - INFO - ========== Finished processing order_items ==========
2025-12-04 13:49:01,856 - __main__ - INFO - Initialized SparkSession Retail_ETL_Pipeline
2025-12-04 13:49:01,857 - __main__ - INFO - Successfully parsed schema 'raw/schemas.json' as dict
2025-12-04 13:49:01,857 - __main__ - INFO - ========== Started processing departments ==========
2025-12-04 13:49:01,857 - __main__ - INFO - ========== Parsing departments ========== 
2025-12-04 13:49:01,857 - __main__ - INFO - ========== Started processing categories ==========
2025-12-04 13:49:01,857 - __main__ - INFO - Successfully parsed column 1: department_id of 2
2025-12-04 13:49:01,857 - __main__ - INFO - ========== Started processing orders ==========
2025-12-04 13:49:01,857 - __main__ - INFO - ========== Parsing categories ========== 
2025-12-04 13:49:01,857 - __main__ - INFO - ========== Started processing products ==========
2025-12-04 13:49:01,857 - __main__ - INFO - Successfully parsed column 2: department_name of 2
2025-12-04 13:49:01,857 - __main__ - INFO - ========== Parsing orders ========== 
2025-12-04 13:49:01,857 - __main__ - INFO - Successfully parsed column 1: category_id of 3
2025-12-04 13:49:01,857 - __main__ - INFO - ========== Parsing products ========== 
2025-12-04 13:49:01,857 - __main__ - INFO - Successfully parsed column 1: order_id of 4
2025-12-04 13:49:01,857 - __main__ - INFO - Successfully parsed column 2: category_department_id of 3
2025-12-04 13:49:01,857 - __main__ - INFO - Successfully parsed column 1: product_id of 6
2025-12-04 13:49:01,857 - __main__ - INFO - Successfully parsed column 2: order_date of 4
2025-12-04 13:49:01,857 - __main__ - INFO - Successfully parsed column 3: category_name of 3
2025-12-04 13:49:01,857 - __main__ - INFO - Successfully parsed column 2: product_cateogry_id of 6
2025-12-04 13:49:01,857 - __main__ - INFO - Successfully parsed column 3: order_customer_id of 4
2025-12-04 13:49:01,858 - __main__ - INFO - Successfully parsed column 3: product_name of 6
2025-12-04 13:49:01,858 - __main__ - INFO - Successfully parsed column 4: order_status of 4
2025-12-04 13:49:01,858 - __main__ - INFO - Successfully parsed column 4: product_description of 6
2025-12-04 13:49:01,858 - __main__ - INFO - Successfuly loaded departments from directory: raw/departments
2025-12-04 13:49:01,858 - __main__ - INFO - Successfuly loaded categories from directory: raw/categories
2025-12-04 13:49:01,858 - __main__ - INFO - Successfully parsed column 5: product_price of 6
2025-12-04 13:49:01,858 - __main__ - INFO - ========== Cleaning departments data ==========
2025-12-04 13:49:01,858 - __main__ - INFO - ========== Cleaning categories data ==========
2025-12-04 13:49:01,858 - __main__ - INFO - Successfully parsed column 6: product_image of 6
2025-12-04 13:49:01,858 - __main__ - INFO - Successfuly loaded orders from directory: raw/orders
2025-12-04 13:49:01,858 - __main__ - INFO - ========== Cleaning orders data ==========
2025-12-04 13:49:01,859 - __main__ - INFO - Successfuly loaded products from directory: raw/products
2025-12-04 13:49:01,859 - __main__ - INFO - ========== Cleaning products data ==========
2025-12-04 13:49:03,900 - __main__ - INFO - Record count of products before cleaning: 1345
2025-12-04 13:49:03,900 - __main__ - WARNING - Record count of null values in primary key before cleaning: 0
2025-12-04 13:49:03,901 - __main__ - INFO - Record count of orders before cleaning: 68883
2025-12-04 13:49:03,901 - __main__ - WARNING - Record count of null values in primary key before cleaning: 0
2025-12-04 13:49:03,901 - __main__ - DEBUG - Dropped nulls and duplicate order ids
2025-12-04 13:49:03,903 - __main__ - INFO - Record count of categories before cleaning: 58
2025-12-04 13:49:03,903 - __main__ - WARNING - Record count of null values in primary key before cleaning: 0
2025-12-04 13:49:03,903 - __main__ - DEBUG - Dropped nulls and duplicate category_ids
2025-12-04 13:49:03,906 - __main__ - INFO - Record count of departments before cleaning: 6
2025-12-04 13:49:03,906 - __main__ - WARNING - Record count of null values in primary key before cleaning: 0
2025-12-04 13:49:03,906 - __main__ - DEBUG - Dropped nulls and duplicate department ids
2025-12-04 13:49:03,934 - __main__ - DEBUG - Dropped unnecessary columns - product_description and product_image
2025-12-04 13:49:03,934 - __main__ - DEBUG - Dropped nulls and duplicate product ids
2025-12-04 13:49:03,946 - __main__ - DEBUG - Trimmed and capitalized the department name for uniformity
2025-12-04 13:49:03,946 - __main__ - DEBUG - Trimmed and capitalized the category name for uniformity
2025-12-04 13:49:03,946 - __main__ - DEBUG - Converted float data types to double for greater precision
2025-12-04 13:49:04,300 - __main__ - INFO - Record count of departments after bronze cleaning: 6
2025-12-04 13:49:04,300 - __main__ - INFO - ============ Saving departments as Parquet ==========
2025-12-04 13:49:04,300 - __main__ - DEBUG - Created save path for departments: 'data/bronze/departments_clean.parquet'
2025-12-04 13:49:04,308 - __main__ - INFO - Record count of products table after bronze cleaning: 1345
2025-12-04 13:49:04,308 - __main__ - INFO - ============ Saving products as Parquet ==========
2025-12-04 13:49:04,308 - __main__ - DEBUG - Created save path for products: 'data/bronze/products_clean.parquet'
2025-12-04 13:49:04,311 - __main__ - INFO - Record count of orders table after bronze cleaning: 68883
2025-12-04 13:49:04,311 - __main__ - INFO - ============ Saving orders as Parquet ==========
2025-12-04 13:49:04,311 - __main__ - DEBUG - Created save path for orders: 'data/bronze/orders_clean.parquet'
2025-12-04 13:49:04,313 - __main__ - INFO - Record count of categories after bronze cleaning: 58
2025-12-04 13:49:04,313 - __main__ - INFO - ============ Saving categories as Parquet ==========
2025-12-04 13:49:04,313 - __main__ - DEBUG - Created save path for categories: 'data/bronze/categories_clean.parquet'
2025-12-04 13:49:05,846 - __main__ - INFO - Successfully saved departments to 'data/bronze/departments_clean.parquet'
2025-12-04 13:49:05,849 - __main__ - INFO - ========== Finished processing departments ==========
2025-12-04 13:49:05,849 - __main__ - INFO - ========== Started processing customers ==========
2025-12-04 13:49:05,849 - __main__ - INFO - ========== Parsing customers ========== 
2025-12-04 13:49:05,849 - __main__ - INFO - Successfully parsed column 1: customer_id of 9
2025-12-04 13:49:05,849 - __main__ - INFO - Successfully parsed column 2: customer_fname of 9
2025-12-04 13:49:05,849 - __main__ - INFO - Successfully parsed column 3: customer_lname of 9
2025-12-04 13:49:05,849 - __main__ - INFO - Successfully parsed column 4: customer_email of 9
2025-12-04 13:49:05,849 - __main__ - INFO - Successfully parsed column 5: customer_password of 9
2025-12-04 13:49:05,849 - __main__ - INFO - Successfully parsed column 6: customer_street of 9
2025-12-04 13:49:05,849 - __main__ - INFO - Successfully parsed column 7: customer_city of 9
2025-12-04 13:49:05,849 - __main__ - INFO - Successfully parsed column 8: customer_state of 9
2025-12-04 13:49:05,849 - __main__ - INFO - Successfully parsed column 9: customer_zipcode of 9
2025-12-04 13:49:05,850 - __main__ - INFO - Successfuly loaded customers from directory: raw/customers
2025-12-04 13:49:05,850 - __main__ - INFO - ========== Cleaning customers data ==========
2025-12-04 13:49:05,929 - __main__ - INFO - Successfully saved products to 'data/bronze/products_clean.parquet'
2025-12-04 13:49:05,929 - __main__ - INFO - ========== Finished processing products ==========
2025-12-04 13:49:05,929 - __main__ - INFO - ========== Started processing order_items ==========
2025-12-04 13:49:05,929 - __main__ - INFO - ========== Parsing order_items ========== 
2025-12-04 13:49:05,930 - __main__ - INFO - Successfully parsed column 1: order_item_id of 6
2025-12-04 13:49:05,930 - __main__ - INFO - Successfully parsed column 2: order_item_order_id of 6
2025-12-04 13:49:05,930 - __main__ - INFO - Successfully parsed column 3: order_item_product_id of 6
2025-12-04 13:49:05,930 - __main__ - INFO - Successfully parsed column 4: order_item_quantity of 6
2025-12-04 13:49:05,930 - __main__ - INFO - Successfully parsed column 5: order_item_subtotal of 6
2025-12-04 13:49:05,930 - __main__ - INFO - Successfully parsed column 6: order_item_product_price of 6
2025-12-04 13:49:05,930 - __main__ - INFO - Successfuly loaded order_items from directory: raw/order_items
2025-12-04 13:49:05,930 - __main__ - INFO - ========== Cleaning order_items data ==========
2025-12-04 13:49:06,111 - __main__ - INFO - Successfully saved orders to 'data/bronze/orders_clean.parquet'
2025-12-04 13:49:06,111 - __main__ - INFO - ========== Finished processing orders ==========
2025-12-04 13:49:06,151 - __main__ - INFO - Successfully saved categories to 'data/bronze/categories_clean.parquet'
2025-12-04 13:49:06,151 - __main__ - INFO - ========== Finished processing categories ==========
2025-12-04 13:49:06,258 - __main__ - INFO - Record count of customers before cleaning: 12435
2025-12-04 13:49:06,259 - __main__ - WARNING - Record count of null values in primary key before cleaning: 0
2025-12-04 13:49:06,259 - __main__ - DEBUG - Dropped nulls and duplicate customer ids
2025-12-04 13:49:06,271 - __main__ - INFO - Record count of order_items before cleaning: 172198
2025-12-04 13:49:06,272 - __main__ - DEBUG - Dropped customer email and password columns as PII
2025-12-04 13:49:06,272 - __main__ - WARNING - Record count of null values in primary key before cleaning: 0
2025-12-04 13:49:06,273 - __main__ - DEBUG - Dropped nulls and duplicate order_items ids
2025-12-04 13:49:06,273 - __main__ - DEBUG - Converted float data types to double for greater precision
2025-12-04 13:49:06,506 - __main__ - INFO - Record count of customers after bronze cleaning: 12435
2025-12-04 13:49:06,506 - __main__ - INFO - ============ Saving customers as Parquet ==========
2025-12-04 13:49:06,506 - __main__ - DEBUG - Created save path for customers: 'data/bronze/customers_clean.parquet'
2025-12-04 13:49:06,515 - __main__ - INFO - Record count of order_items table after bronze cleaning: 172198
2025-12-04 13:49:06,515 - __main__ - INFO - ============ Saving order_items as Parquet ==========
2025-12-04 13:49:06,515 - __main__ - DEBUG - Created save path for order_items: 'data/bronze/order_items_clean.parquet'
2025-12-04 13:49:06,975 - __main__ - INFO - Successfully saved customers to 'data/bronze/customers_clean.parquet'
2025-12-04 13:49:06,975 - __main__ - INFO - ========== Finished processing customers ==========
2025-12-04 13:49:07,228 - __main__ - INFO - Successfully saved order_items to 'data/bronze/order_items_clean.parquet'
2025-12-04 13:49:07,228 - __main__ - INFO - ========== Finished processing order_items ==========
2025-12-04 17:21:42,785 - __main__ - INFO - Initialized SparkSession Retail_ETL_Pipeline
2025-12-04 17:21:42,786 - __main__ - INFO - Successfully parsed schema 'raw/schemas.json' as dict
2025-12-04 17:21:42,786 - __main__ - INFO - ========== Started processing departments ==========
2025-12-04 17:21:42,786 - __main__ - INFO - ========== Started processing categories ==========
2025-12-04 17:21:42,786 - __main__ - INFO - ========== Parsing departments ========== 
2025-12-04 17:21:42,786 - __main__ - INFO - ========== Started processing orders ==========
2025-12-04 17:21:42,786 - __main__ - INFO - ========== Parsing categories ========== 
2025-12-04 17:21:42,786 - __main__ - INFO - ========== Started processing products ==========
2025-12-04 17:21:42,786 - __main__ - INFO - Successfully parsed column 1: department_id of 2
2025-12-04 17:21:42,786 - __main__ - INFO - ========== Parsing orders ========== 
2025-12-04 17:21:42,787 - __main__ - INFO - Successfully parsed column 1: category_id of 3
2025-12-04 17:21:42,787 - __main__ - INFO - ========== Parsing products ========== 
2025-12-04 17:21:42,787 - __main__ - INFO - Successfully parsed column 2: department_name of 2
2025-12-04 17:21:42,787 - __main__ - INFO - Successfully parsed column 1: order_id of 4
2025-12-04 17:21:42,787 - __main__ - INFO - Successfully parsed column 2: category_department_id of 3
2025-12-04 17:21:42,787 - __main__ - INFO - Successfully parsed column 1: product_id of 6
2025-12-04 17:21:42,787 - __main__ - INFO - Successfully parsed column 2: order_date of 4
2025-12-04 17:21:42,787 - __main__ - INFO - Successfully parsed column 3: category_name of 3
2025-12-04 17:21:42,787 - __main__ - INFO - Successfully parsed column 2: product_cateogry_id of 6
2025-12-04 17:21:42,787 - __main__ - INFO - Successfully parsed column 3: order_customer_id of 4
2025-12-04 17:21:42,787 - __main__ - INFO - Successfully parsed column 3: product_name of 6
2025-12-04 17:21:42,787 - __main__ - INFO - Successfully parsed column 4: order_status of 4
2025-12-04 17:21:42,787 - __main__ - INFO - Successfully parsed column 4: product_description of 6
2025-12-04 17:21:42,787 - __main__ - INFO - Successfully parsed column 5: product_price of 6
2025-12-04 17:21:42,787 - __main__ - INFO - Successfully parsed column 6: product_image of 6
2025-12-04 17:21:42,787 - __main__ - INFO - Successfuly loaded orders from directory: raw/orders
2025-12-04 17:21:42,787 - __main__ - INFO - ========== Cleaning orders data ==========
2025-12-04 17:21:42,787 - __main__ - INFO - Successfuly loaded departments from directory: raw/departments
2025-12-04 17:21:42,787 - __main__ - INFO - Successfuly loaded categories from directory: raw/categories
2025-12-04 17:21:42,788 - __main__ - INFO - ========== Cleaning departments data ==========
2025-12-04 17:21:42,788 - __main__ - INFO - ========== Cleaning categories data ==========
2025-12-04 17:21:42,788 - __main__ - INFO - Successfuly loaded products from directory: raw/products
2025-12-04 17:21:42,788 - __main__ - INFO - ========== Cleaning products data ==========
2025-12-04 17:21:44,893 - __main__ - INFO - Record count of departments before cleaning: 6
2025-12-04 17:21:44,893 - __main__ - WARNING - Record count of null values in primary key before cleaning: 0
2025-12-04 17:21:44,894 - __main__ - DEBUG - Dropped nulls and duplicate department ids
2025-12-04 17:21:44,895 - __main__ - INFO - Record count of products before cleaning: 1345
2025-12-04 17:21:44,895 - __main__ - WARNING - Record count of null values in primary key before cleaning: 0
2025-12-04 17:21:44,896 - __main__ - INFO - Record count of categories before cleaning: 58
2025-12-04 17:21:44,896 - __main__ - WARNING - Record count of null values in primary key before cleaning: 0
2025-12-04 17:21:44,896 - __main__ - DEBUG - Dropped nulls and duplicate category_ids
2025-12-04 17:21:44,898 - __main__ - INFO - Record count of orders before cleaning: 68883
2025-12-04 17:21:44,898 - __main__ - WARNING - Record count of null values in primary key before cleaning: 0
2025-12-04 17:21:44,898 - __main__ - DEBUG - Dropped nulls and duplicate order ids
2025-12-04 17:21:44,913 - __main__ - DEBUG - Dropped unnecessary columns - product_description and product_image
2025-12-04 17:21:44,913 - __main__ - DEBUG - Dropped nulls and duplicate product ids
2025-12-04 17:21:44,924 - __main__ - DEBUG - Trimmed and capitalized the category name for uniformity
2025-12-04 17:21:44,924 - __main__ - DEBUG - Trimmed and capitalized the department name for uniformity
2025-12-04 17:21:44,924 - __main__ - DEBUG - Converted float data types to double for greater precision
2025-12-04 17:21:45,254 - __main__ - INFO - Record count of products table after bronze cleaning: 1345
2025-12-04 17:21:45,254 - __main__ - INFO - ============ Saving products as Parquet ==========
2025-12-04 17:21:45,254 - __main__ - DEBUG - Created save path for products: 'data/bronze/products_clean.parquet'
2025-12-04 17:21:45,259 - __main__ - INFO - Record count of orders table after bronze cleaning: 68883
2025-12-04 17:21:45,259 - __main__ - INFO - ============ Saving orders as Parquet ==========
2025-12-04 17:21:45,259 - __main__ - DEBUG - Created save path for orders: 'data/bronze/orders_clean.parquet'
2025-12-04 17:21:45,263 - __main__ - INFO - Record count of categories after bronze cleaning: 58
2025-12-04 17:21:45,264 - __main__ - INFO - ============ Saving categories as Parquet ==========
2025-12-04 17:21:45,264 - __main__ - DEBUG - Created save path for categories: 'data/bronze/categories_clean.parquet'
2025-12-04 17:21:45,265 - __main__ - INFO - Record count of departments after bronze cleaning: 6
2025-12-04 17:21:45,265 - __main__ - INFO - ============ Saving departments as Parquet ==========
2025-12-04 17:21:45,265 - __main__ - DEBUG - Created save path for departments: 'data/bronze/departments_clean.parquet'
2025-12-04 17:21:46,219 - __main__ - INFO - Successfully saved products to 'data/bronze/products_clean.parquet'
2025-12-04 17:21:46,219 - __main__ - INFO - ========== Finished processing products ==========
2025-12-04 17:21:46,219 - __main__ - INFO - ========== Started processing customers ==========
2025-12-04 17:21:46,220 - __main__ - INFO - ========== Parsing customers ========== 
2025-12-04 17:21:46,220 - __main__ - INFO - Successfully parsed column 1: customer_id of 9
2025-12-04 17:21:46,220 - __main__ - INFO - Successfully parsed column 2: customer_fname of 9
2025-12-04 17:21:46,220 - __main__ - INFO - Successfully parsed column 3: customer_lname of 9
2025-12-04 17:21:46,220 - __main__ - INFO - Successfully parsed column 4: customer_email of 9
2025-12-04 17:21:46,220 - __main__ - INFO - Successfully parsed column 5: customer_password of 9
2025-12-04 17:21:46,220 - __main__ - INFO - Successfully parsed column 6: customer_street of 9
2025-12-04 17:21:46,220 - __main__ - INFO - Successfully parsed column 7: customer_city of 9
2025-12-04 17:21:46,220 - __main__ - INFO - Successfully parsed column 8: customer_state of 9
2025-12-04 17:21:46,220 - __main__ - INFO - Successfully parsed column 9: customer_zipcode of 9
2025-12-04 17:21:46,220 - __main__ - INFO - Successfuly loaded customers from directory: raw/customers
2025-12-04 17:21:46,220 - __main__ - INFO - ========== Cleaning customers data ==========
2025-12-04 17:21:46,744 - __main__ - INFO - Successfully saved departments to 'data/bronze/departments_clean.parquet'
2025-12-04 17:21:46,744 - __main__ - INFO - ========== Finished processing departments ==========
2025-12-04 17:21:46,744 - __main__ - INFO - ========== Started processing order_items ==========
2025-12-04 17:21:46,744 - __main__ - INFO - ========== Parsing order_items ========== 
2025-12-04 17:21:46,744 - __main__ - INFO - Successfully parsed column 1: order_item_id of 6
2025-12-04 17:21:46,744 - __main__ - INFO - Successfully parsed column 2: order_item_order_id of 6
2025-12-04 17:21:46,744 - __main__ - INFO - Successfully parsed column 3: order_item_product_id of 6
2025-12-04 17:21:46,744 - __main__ - INFO - Successfully parsed column 4: order_item_quantity of 6
2025-12-04 17:21:46,744 - __main__ - INFO - Successfully parsed column 5: order_item_subtotal of 6
2025-12-04 17:21:46,744 - __main__ - INFO - Successfully parsed column 6: order_item_product_price of 6
2025-12-04 17:21:46,745 - __main__ - INFO - Successfuly loaded order_items from directory: raw/order_items
2025-12-04 17:21:46,745 - __main__ - INFO - ========== Cleaning order_items data ==========
2025-12-04 17:21:46,800 - __main__ - INFO - Successfully saved categories to 'data/bronze/categories_clean.parquet'
2025-12-04 17:21:46,800 - __main__ - INFO - ========== Finished processing categories ==========
2025-12-04 17:21:47,008 - __main__ - INFO - Successfully saved orders to 'data/bronze/orders_clean.parquet'
2025-12-04 17:21:47,009 - __main__ - INFO - ========== Finished processing orders ==========
2025-12-04 17:21:47,087 - __main__ - INFO - Record count of customers before cleaning: 12435
2025-12-04 17:21:47,087 - __main__ - WARNING - Record count of null values in primary key before cleaning: 0
2025-12-04 17:21:47,087 - __main__ - DEBUG - Dropped nulls and duplicate customer ids
2025-12-04 17:21:47,097 - __main__ - INFO - Record count of order_items before cleaning: 172198
2025-12-04 17:21:47,097 - __main__ - WARNING - Record count of null values in primary key before cleaning: 0
2025-12-04 17:21:47,097 - __main__ - DEBUG - Dropped nulls and duplicate order_items ids
2025-12-04 17:21:47,098 - __main__ - DEBUG - Converted float data types to double for greater precision
2025-12-04 17:21:47,098 - __main__ - DEBUG - Dropped customer email and password columns as PII
2025-12-04 17:21:47,327 - __main__ - INFO - Record count of customers after bronze cleaning: 12435
2025-12-04 17:21:47,327 - __main__ - INFO - ============ Saving customers as Parquet ==========
2025-12-04 17:21:47,327 - __main__ - DEBUG - Created save path for customers: 'data/bronze/customers_clean.parquet'
2025-12-04 17:21:47,335 - __main__ - INFO - Record count of order_items table after bronze cleaning: 172198
2025-12-04 17:21:47,335 - __main__ - INFO - ============ Saving order_items as Parquet ==========
2025-12-04 17:21:47,335 - __main__ - DEBUG - Created save path for order_items: 'data/bronze/order_items_clean.parquet'
2025-12-04 17:21:47,775 - __main__ - INFO - Successfully saved customers to 'data/bronze/customers_clean.parquet'
2025-12-04 17:21:47,776 - __main__ - INFO - ========== Finished processing customers ==========
2025-12-04 17:21:48,063 - __main__ - INFO - Successfully saved order_items to 'data/bronze/order_items_clean.parquet'
2025-12-04 17:21:48,064 - __main__ - INFO - ========== Finished processing order_items ==========
